2025-04-21 12:05:41,814 - INFO - [*] Перетащен файл: C:/Users/edend/OneDrive/Рабочий стол/transcribe_editor_folder/786ffc32ab9e7c5489fa7e7197343f72.mp4} {C:/Users/edend/OneDrive/Рабочий стол/transcribe_editor_folder/ssstik.io_@chinesewisdom5_1729603450911.mp4} {C:/Users/edend/OneDrive/Рабочий стол/transcribe_editor_folder/ssstik.io_@lil_ianovna_1734435396134.mp4} {C:/Users/edend/OneDrive/Рабочий стол/transcribe_editor_folder/ssstik.io_@alunika_archive_1732749950891.mp4} {C:/Users/edend/OneDrive/Рабочий стол/transcribe_editor_folder/e3bc37ab1902dbef7979f67f0fd33a10.mp4} {C:/Users/edend/OneDrive/Рабочий стол/transcribe_editor_folder/ssstik.io_@ars.dono_1740665619360.mp4} {C:/Users/edend/OneDrive/Рабочий стол/transcribe_editor_folder/2207bc29949b9b62c460ec4da91cb3d1.mp4} {C:/Users/edend/OneDrive/Рабочий стол/transcribe_editor_folder/ssstik.io_@vladimirpodless_1721055119910.mp4
2025-04-21 12:05:47,764 - INFO - [!] Выберите файл для обработки.
2025-04-21 12:08:21,499 - INFO - [*] Перетащен файл: C:/Users/edend/OneDrive/Рабочий стол/V/79f33c9e6e46a8f6ae771df70c651d47.mp4} {C:/Users/edend/OneDrive/Рабочий стол/V/786ffc32ab9e7c5489fa7e7197343f72.mp4} {C:/Users/edend/OneDrive/Рабочий стол/V/2207bc29949b9b62c460ec4da91cb3d1.mp4} {C:/Users/edend/OneDrive/Рабочий стол/V/e3bc37ab1902dbef7979f67f0fd33a10.mp4} {C:/Users/edend/OneDrive/Рабочий стол/V/ssstik.io_@neyroskrepy_1727858366571.mp4} {C:/Users/edend/OneDrive/Рабочий стол/V/ssstik.io_@vladimirpodless_1721055119910.mp4
2025-04-21 12:08:23,812 - INFO - [!] Выберите файл для обработки.
2025-04-21 12:15:32,890 - INFO - [!] Файл не найден: C:\Users\edend\OneDrive\Рабочий стол\V\79f33c9e6e46a8f6ae771df70c651d47.mp4} {C:\Users\edend\OneDrive\Рабочий стол\V\786ffc32ab9e7c5489fa7e7197343f72.mp4} {C:\Users\edend\OneDrive\Рабочий стол\V\2207bc29949b9b62c460ec4da91cb3d1.mp4} {C:\Users\edend\OneDrive\Рабочий стол\V\e3bc37ab1902dbef7979f67f0fd33a10.mp4} {C:\Users\edend\OneDrive\Рабочий стол\V\ssstik.io_@neyroskrepy_1727858366571.mp4} {C:\Users\edend\OneDrive\Рабочий стол\V\ssstik.io_@vladimirpodless_1721055119910.mp4
2025-04-21 12:15:43,635 - INFO - [!] Выберите файл для обработки.
2025-04-21 12:17:51,428 - INFO - [*] Перетащен файл: 79f33c9e6e46a8f6ae771df70c651d47.mp4
2025-04-21 12:17:57,436 - INFO - [*] Перетащен файл: 786ffc32ab9e7c5489fa7e7197343f72.mp4
2025-04-21 12:17:59,022 - INFO - [*] Перетащен файл: ssstik.io_@neyroskrepy_1727858366571.mp4
2025-04-21 12:18:01,283 - INFO - [*] Перетащен файл: ssstik.io_@vladimirpodless_1721055119910.mp4
2025-04-21 12:18:03,403 - INFO - [*] Перетащен файл: e3bc37ab1902dbef7979f67f0fd33a10.mp4
2025-04-21 12:18:07,885 - INFO - [*] Начинается транскрипция файла e3bc37ab1902dbef7979f67f0fd33a10.mp4...
2025-04-21 12:18:07,886 - INFO - [*] Используемое устройство: cpu
2025-04-21 12:18:07,887 - INFO - [*] Загрузка модели Whisper 'base'...
2025-04-21 12:18:09,034 - INFO - [*] Модель успешно загружена.
2025-04-21 12:18:09,035 - INFO - 
--- Обработка: e3bc37ab1902dbef7979f67f0fd33a10.mp4 ---
2025-04-21 12:18:09,039 - WARNING - C:\Users\edend\miniconda3\Lib\site-packages\whisper\transcribe.py:132: UserWarning: FP16 is not supported on CPU; using FP32 instead
  warnings.warn("FP16 is not supported on CPU; using FP32 instead")

2025-04-21 12:18:36,494 - INFO -   [*] Транскрипция сохранена в: transcribed_texts/e3bc37ab1902dbef7979f67f0fd33a10.txt
2025-04-21 12:18:36,501 - INFO -   [*] Субтитры сохранены в: transcribed_texts/e3bc37ab1902dbef7979f67f0fd33a10.srt
2025-04-21 12:18:36,505 - INFO - [*] Транскрипция завершена.
2025-04-21 12:19:02,751 - INFO - [*] Перетащен файл: 2207bc29949b9b62c460ec4da91cb3d1.mp4
2025-04-21 12:19:09,382 - INFO - [*] Перетащен файл: 2207bc29949b9b62c460ec4da91cb3d1.mp4
2025-04-21 12:23:46,770 - INFO - [*] Добавлен файл: 2207bc29949b9b62c460ec4da91cb3d1.mp4
2025-04-21 12:23:46,770 - INFO - [*] Добавлен файл: e3bc37ab1902dbef7979f67f0fd33a10.mp4
2025-04-21 12:23:46,770 - INFO - [*] Добавлен файл: ssstik.io_@aidanaaizada0393_1729570011785.mp4
2025-04-21 12:23:55,725 - INFO - [*] Начинается транскрипция файла 2207bc29949b9b62c460ec4da91cb3d1.mp4...
2025-04-21 12:23:55,726 - INFO - [*] Используемое устройство: cpu
2025-04-21 12:23:55,726 - INFO - [*] Загрузка модели Whisper 'base'...
2025-04-21 12:23:56,550 - INFO - [*] Модель успешно загружена.
2025-04-21 12:23:56,551 - INFO - 
--- Обработка: 2207bc29949b9b62c460ec4da91cb3d1.mp4 ---
2025-04-21 12:23:56,554 - WARNING - C:\Users\edend\miniconda3\Lib\site-packages\whisper\transcribe.py:132: UserWarning: FP16 is not supported on CPU; using FP32 instead
  warnings.warn("FP16 is not supported on CPU; using FP32 instead")

2025-04-21 12:26:16,317 - INFO -   [*] Транскрипция сохранена в: transcribed_texts/2207bc29949b9b62c460ec4da91cb3d1.txt
2025-04-21 12:26:16,339 - INFO -   [*] Субтитры сохранены в: transcribed_texts/2207bc29949b9b62c460ec4da91cb3d1.srt
2025-04-21 12:26:16,343 - INFO - [*] Транскрипция файла 2207bc29949b9b62c460ec4da91cb3d1.mp4 завершена.
2025-04-21 12:26:16,395 - INFO - [*] Начинается транскрипция файла e3bc37ab1902dbef7979f67f0fd33a10.mp4...
2025-04-21 12:26:16,397 - INFO - [*] Используемое устройство: cpu
2025-04-21 12:26:16,400 - INFO - [*] Загрузка модели Whisper 'base'...
2025-04-21 12:26:17,228 - INFO - [*] Модель успешно загружена.
2025-04-21 12:26:17,230 - INFO - 
--- Обработка: e3bc37ab1902dbef7979f67f0fd33a10.mp4 ---
2025-04-21 12:26:17,231 - WARNING - C:\Users\edend\miniconda3\Lib\site-packages\whisper\transcribe.py:132: UserWarning: FP16 is not supported on CPU; using FP32 instead
  warnings.warn("FP16 is not supported on CPU; using FP32 instead")

2025-04-21 12:26:41,407 - INFO -   [*] Транскрипция сохранена в: transcribed_texts/e3bc37ab1902dbef7979f67f0fd33a10.txt
2025-04-21 12:26:41,413 - INFO -   [*] Субтитры сохранены в: transcribed_texts/e3bc37ab1902dbef7979f67f0fd33a10.srt
2025-04-21 12:26:41,417 - INFO - [*] Транскрипция файла e3bc37ab1902dbef7979f67f0fd33a10.mp4 завершена.
2025-04-21 12:26:41,443 - INFO - [*] Начинается транскрипция файла ssstik.io_@aidanaaizada0393_1729570011785.mp4...
2025-04-21 12:26:41,446 - INFO - [*] Используемое устройство: cpu
2025-04-21 12:26:41,448 - INFO - [*] Загрузка модели Whisper 'base'...
2025-04-21 12:26:42,255 - INFO - [*] Модель успешно загружена.
2025-04-21 12:26:42,257 - INFO - 
--- Обработка: ssstik.io_@aidanaaizada0393_1729570011785.mp4 ---
2025-04-21 12:26:56,361 - INFO -   [*] Транскрипция сохранена в: transcribed_texts/ssstik.io_@aidanaaizada0393_1729570011785.txt
2025-04-21 12:26:56,367 - INFO -   [*] Субтитры сохранены в: transcribed_texts/ssstik.io_@aidanaaizada0393_1729570011785.srt
2025-04-21 12:26:56,371 - INFO - [*] Транскрипция файла ssstik.io_@aidanaaizada0393_1729570011785.mp4 завершена.
